
Solver:
  Solver index = 1

Solver pre-solve:

Solver equations solve:

                                                     User time   System time    Total time
Setup and initialisation                          0.000000E+00  0.000000E+00  0.000000E+00
Internal elements equations assembly              0.000000E+00  0.000000E+00  0.000000E+00
Boundary+ghost elements equations assembly        0.000000E+00  0.000000E+00  0.000000E+00
Average element equations assembly                0.000000E+00  0.000000E+00  0.000000E+00
Total equations assembly                          0.000000E+00  0.000000E+00  0.000000E+00

                                                     User time   System time    Total time
Solver matrices assembly                          0.000000E+00  0.000000E+00  0.000000E+00

                                                     User time   System time    Total time
Solver RHS assembly                               0.000000E+00  0.000000E+00  0.000000E+00

Solver matrices:
Number of matrices = 1
Solver matrix : 1
Matrix(1        ,:):  0.407407E+00 -0.175926E+00 -0.296296E+00  0.462963E-01  0.148148E+00 -0.101852E+00 -0.175926E+00
Matrix(2        ,:): -0.175926E+00  0.814815E+00  0.296296E+00 -0.296296E+00 -0.175926E+00 -0.175926E+00 -0.101852E+00  0.296296E+00
                      0.925926E-01 -0.175926E+00 -0.101852E+00
Matrix(3        ,:): -0.296296E+00  0.296296E+00  0.814815E+00 -0.175926E+00 -0.296296E+00 -0.101852E+00 -0.175926E+00  0.925926E-01
                      0.296296E+00 -0.101852E+00 -0.175926E+00
Matrix(4        ,:): -0.296296E+00 -0.175926E+00  0.814815E+00  0.296296E+00 -0.296296E+00 -0.175926E+00 -0.175926E+00 -0.101852E+00
                      0.296296E+00  0.925926E-01 -0.175926E+00
Matrix(5        ,:): -0.175926E+00 -0.296296E+00  0.296296E+00  0.814815E+00 -0.175926E+00 -0.296296E+00 -0.101852E+00 -0.175926E+00
                      0.925926E-01  0.296296E+00 -0.101852E+00
Matrix(6        ,:): -0.296296E+00 -0.175926E+00  0.407407E+00  0.148148E+00 -0.175926E+00 -0.101852E+00  0.148148E+00
Matrix(7        ,:): -0.175926E+00 -0.296296E+00  0.148148E+00  0.407407E+00 -0.101852E+00 -0.175926E+00  0.462963E-01
Matrix(8        ,:):  0.462963E-01 -0.175926E+00 -0.101852E+00  0.407407E+00  0.148148E+00 -0.296296E+00 -0.175926E+00
Matrix(9        ,:):  0.148148E+00 -0.101852E+00 -0.175926E+00  0.148148E+00  0.407407E+00 -0.175926E+00 -0.296296E+00
Matrix(10       ,:): -0.101852E+00  0.296296E+00  0.925926E-01 -0.175926E+00 -0.101852E+00 -0.296296E+00 -0.175926E+00  0.814815E+00
                      0.296296E+00 -0.296296E+00 -0.175926E+00
Matrix(11       ,:): -0.175926E+00  0.925926E-01  0.296296E+00 -0.101852E+00 -0.175926E+00 -0.175926E+00 -0.296296E+00  0.296296E+00
                      0.814815E+00 -0.175926E+00 -0.296296E+00
Matrix(12       ,:): -0.175926E+00 -0.101852E+00  0.296296E+00  0.925926E-01 -0.175926E+00 -0.101852E+00 -0.296296E+00 -0.175926E+00
                      0.814815E+00  0.296296E+00 -0.296296E+00
Matrix(13       ,:): -0.101852E+00 -0.175926E+00  0.925926E-01  0.296296E+00 -0.101852E+00 -0.175926E+00 -0.175926E+00 -0.296296E+00
                      0.296296E+00  0.814815E+00 -0.175926E+00
Matrix(14       ,:): -0.175926E+00 -0.101852E+00  0.148148E+00  0.462963E-01 -0.296296E+00 -0.175926E+00  0.407407E+00
Solver RHS vector:
Vector(:)          :  0.000000E+00  0.000000E+00  0.000000E+00  0.101852E+00  0.175926E+00 -0.462963E-01 -0.148148E+00  0.000000E+00
                      0.000000E+00  0.000000E+00  0.000000E+00  0.175926E+00  0.296296E+00 -0.148148E+00

Linear iterative solver parameters:
Final number of iterations = 5
Final residual norm =    2.2245676250514154E-015
Converged Reason = PETSc converged ATol

Solver solution vectors:
Number of solution vectors = 1
Solution vector for solver matrix : 1
Vector(:)          :  0.648343E+00  0.369173E+00  0.505794E+00  0.466721E+00  0.494206E+00  0.554568E+00  0.351657E+00  0.648343E+00
                      0.445432E+00  0.505794E+00  0.533279E+00  0.494206E+00  0.630827E+00  0.351657E+00

                                                     User time   System time    Total time
Total time for solve                              0.000000E+00  0.000000E+00  0.000000E+00

Solver post-solve:
