
Solver:
  Solver index = 1
User time for equations setup and initialisation = 0.00000000
System time for equations setup and initialisation = 0.00000000

User time for internal equations assembly = 0.00000000
System time for internal equations assembly = 0.00000000
User time for parameter transfer completion = 0.00000000
System time for parameter transfer completion = 0.00000000
User time for boundary+ghost equations assembly = 0.00000000
System time for boundary+ghost equations assembly = 0.00000000
Average element user time for equations assembly = 0.00000000
Average element system time for equations assembly = 0.00000000

Total user time for equations assembly = 0.00000000
Total system time for equations assembly = 0.00000000

Total user time for solver matrices assembly = 0.00000000
Total System time for solver matrices assembly = 0.00000000

Total user time for solver RHS assembly = 0.00000000
Total System time for solver RHS assembly = 0.00000000

Solver matrices:
Number of matrices = 1
Solver matrix : 1
Solver RHS vector:
Vector(:)          :  0.000000E+00  0.000000E+00  0.000000E+00  0.000000E+00  0.000000E+00  0.000000E+00  0.000000E+00  0.000000E+00
                      0.000000E+00  0.000000E+00  0.000000E+00  0.000000E+00  0.000000E+00  0.000000E+00  0.000000E+00  0.000000E+00
                      0.000000E+00  0.000000E+00  0.000000E+00  0.000000E+00  0.000000E+00  0.000000E+00  0.000000E+00  0.000000E+00
                      0.000000E+00  0.000000E+00  0.000000E+00  0.000000E+00  0.000000E+00  0.000000E+00  0.000000E+00  0.000000E+00
                      0.000000E+00  0.000000E+00  0.000000E+00  0.000000E+00  0.000000E+00  0.000000E+00  0.000000E+00  0.000000E+00
                      0.000000E+00  0.000000E+00  0.000000E+00  0.000000E+00  0.000000E+00  0.000000E+00  0.000000E+00  0.000000E+00
                      0.000000E+00  0.000000E+00  0.000000E+00  0.000000E+00  0.000000E+00  0.000000E+00  0.000000E+00  0.000000E+00
                      0.000000E+00  0.000000E+00  0.000000E+00  0.000000E+00  0.000000E+00  0.000000E+00  0.000000E+00  0.000000E+00
                      0.000000E+00  0.000000E+00  0.000000E+00  0.000000E+00  0.000000E+00  0.000000E+00  0.000000E+00  0.000000E+00
                      0.000000E+00  0.000000E+00  0.000000E+00  0.000000E+00  0.000000E+00  0.000000E+00  0.000000E+00  0.000000E+00
                      0.000000E+00  0.000000E+00  0.000000E+00  0.000000E+00  0.000000E+00  0.000000E+00  0.000000E+00  0.000000E+00
                      0.000000E+00  0.000000E+00  0.000000E+00  0.000000E+00  0.000000E+00  0.000000E+00  0.000000E+00  0.000000E+00
                      0.000000E+00  0.000000E+00  0.000000E+00  0.000000E+00  0.000000E+00  0.000000E+00  0.000000E+00  0.000000E+00
                      0.000000E+00  0.000000E+00  0.000000E+00  0.000000E+00  0.000000E+00  0.000000E+00  0.000000E+00  0.000000E+00
                      0.000000E+00  0.000000E+00  0.000000E+00  0.000000E+00  0.000000E+00  0.000000E+00  0.000000E+00  0.000000E+00
                      0.000000E+00  0.000000E+00  0.000000E+00  0.000000E+00  0.000000E+00  0.000000E+00  0.000000E+00  0.000000E+00
                      0.000000E+00  0.000000E+00  0.000000E+00  0.000000E+00  0.196759E-01  0.254630E-01  0.000000E+00  0.000000E+00
                      0.000000E+00  0.810185E-02 -0.115741E-01  0.000000E+00  0.000000E+00  0.000000E+00  0.000000E+00  0.000000E+00
                      0.000000E+00  0.000000E+00  0.000000E+00  0.000000E+00  0.000000E+00  0.000000E+00  0.000000E+00  0.000000E+00
                      0.000000E+00  0.000000E+00  0.000000E+00  0.000000E+00  0.000000E+00  0.000000E+00  0.000000E+00  0.000000E+00
                      0.000000E+00  0.000000E+00  0.000000E+00  0.000000E+00  0.000000E+00  0.000000E+00  0.000000E+00  0.254630E-01
                      0.231481E-01  0.000000E+00  0.000000E+00  0.000000E+00 -0.115741E-01

Linear iterative solver parameters:
Final number of iterations = 16
Final residual norm =    7.0385176078973781E-007
Converged Reason = PETSc converged RTol

Solver solution vectors:
Number of solution vectors = 1
Solution vector for solver matrix : 1
Vector(:)          :  0.491082E+00  0.475584E+00  0.493609E+00  0.495327E+00  0.412834E+00  0.439719E+00  0.486376E+00  0.492675E+00
                      0.496478E+00  0.460042E+00  0.470042E+00  0.486022E+00  0.495517E+00  0.497729E+00  0.479759E+00  0.483603E+00
                      0.491628E+00  0.497871E+00  0.500000E+00  0.489165E+00  0.491292E+00  0.496100E+00  0.500464E+00  0.502271E+00
                      0.493788E+00  0.495304E+00  0.498860E+00  0.502432E+00  0.503522E+00  0.495214E+00  0.496540E+00  0.499869E+00
                      0.502885E+00  0.504673E+00  0.491082E+00  0.447294E+00  0.487015E+00  0.493804E+00  0.497115E+00  0.439719E+00
                      0.466923E+00  0.485356E+00  0.495172E+00  0.497568E+00  0.470042E+00  0.476640E+00  0.489467E+00  0.497097E+00
                      0.499536E+00  0.483603E+00  0.486985E+00  0.494094E+00  0.500000E+00  0.502129E+00  0.491292E+00  0.493404E+00
                      0.498302E+00  0.502903E+00  0.504483E+00  0.495304E+00  0.496989E+00  0.501047E+00  0.504828E+00  0.507325E+00
                      0.496540E+00  0.498200E+00  0.501797E+00  0.506196E+00  0.506391E+00  0.475584E+00  0.487015E+00  0.490878E+00
                      0.498203E+00  0.500131E+00  0.486376E+00  0.485356E+00  0.492835E+00  0.498953E+00  0.501140E+00  0.486022E+00
                      0.489467E+00  0.495885E+00  0.501698E+00  0.503900E+00  0.491628E+00  0.494094E+00  0.500000E+00  0.505906E+00
                      0.508372E+00  0.496100E+00  0.498302E+00  0.504115E+00  0.510533E+00  0.513978E+00  0.498860E+00  0.501047E+00
                      0.507165E+00  0.514644E+00  0.513624E+00  0.499869E+00  0.501797E+00  0.509122E+00  0.512985E+00  0.524416E+00
                      0.493609E+00  0.493804E+00  0.498203E+00  0.501800E+00  0.503460E+00  0.492675E+00  0.495172E+00  0.498953E+00
                      0.503011E+00  0.504696E+00  0.495517E+00  0.497097E+00  0.501698E+00  0.506596E+00  0.508708E+00  0.497871E+00
                      0.500000E+00  0.505906E+00  0.513015E+00  0.516397E+00  0.500464E+00  0.502903E+00  0.510533E+00  0.523360E+00
                      0.529958E+00  0.502432E+00  0.504828E+00  0.514644E+00  0.533077E+00  0.560281E+00  0.502885E+00  0.506196E+00
                      0.512985E+00  0.552706E+00  0.508918E+00  0.495327E+00  0.497115E+00  0.500131E+00  0.503460E+00  0.504786E+00
                      0.496478E+00  0.497568E+00  0.501140E+00  0.504696E+00  0.506212E+00  0.497729E+00  0.499536E+00  0.503900E+00
                      0.508708E+00  0.510835E+00  0.500000E+00  0.502129E+00  0.508372E+00  0.516397E+00  0.520241E+00  0.502271E+00
                      0.504483E+00  0.513978E+00  0.529958E+00  0.539958E+00  0.503522E+00  0.507325E+00  0.513624E+00  0.560281E+00
                      0.587166E+00  0.504673E+00  0.506391E+00  0.524416E+00  0.508918E+00

Total user time for solve = 1.99999996E-02
Total System time for solve = 2.99999993E-02
